  mainProgram.cpp
C:\Users\Panda\Desktop\Code files\repos\Bank (PROG 2)\BankAccountRoll-Poject\BankAcct-Project\BankAcct-Project\mainProgram.cpp(19,26): error C3481:  'TIME': lambda capture variable not found
C:\Users\Panda\Desktop\Code files\repos\Bank (PROG 2)\BankAccountRoll-Poject\BankAcct-Project\BankAcct-Project\mainProgram.cpp(19,27): error C3260:  ')': skipping unexpected token(s) before lambda body
C:\Users\Panda\Desktop\Code files\repos\Bank (PROG 2)\BankAccountRoll-Poject\BankAcct-Project\BankAcct-Project\mainProgram.cpp(21,1): error C3493:  'key' cannot be implicitly captured because no default capture mode has been specified
C:\Users\Panda\Desktop\Code files\repos\Bank (PROG 2)\BankAccountRoll-Poject\BankAcct-Project\BankAcct-Project\mainProgram.cpp(36,1): error C2146:  syntax error: missing ')' before identifier '_getch'
C:\Users\Panda\Desktop\Code files\repos\Bank (PROG 2)\BankAccountRoll-Poject\BankAcct-Project\BankAcct-Project\mainProgram.cpp(19,2): error C2664:  'char *strcpy(char *,const char *)': cannot convert argument 1 from 'const char *' to 'char *'
C:\Users\Panda\Desktop\Code files\repos\Bank (PROG 2)\BankAccountRoll-Poject\BankAcct-Project\BankAcct-Project\mainProgram.cpp(19,19): message :  Conversion loses qualifiers
C:\Users\Panda\Desktop\Code files\repos\Bank (PROG 2)\BankAccountRoll-Poject\BankAcct-Project\BankAcct-Project\mainProgram.cpp(36,1): error C2146:  syntax error: missing ';' before identifier '_getch'
